<?xml version="1.0" encoding="UTF-8"?>
<!-- Generated by org.testng.reporters.JUnitReportReporter -->
<testsuite skipped="0" hostname="Ty-Deepak-Tr" name="sample.DynamicWebtable2" tests="1" failures="0" timestamp="13 Oct 2020 11:04:47 GMT" time="28.127" errors="0">
  <testcase name="dynamicWebtable" time="28.127" classname="sample.DynamicWebtable2"/>
</testsuite> <!-- sample.DynamicWebtable2 -->
