<?xml version="1.0" encoding="UTF-8"?>
<!-- Generated by org.testng.reporters.JUnitReportReporter -->
<testsuite skipped="0" hostname="Ty-Deepak-Tr" name="sample.DynamicWebtable" tests="1" failures="0" timestamp="13 Oct 2020 10:15:22 GMT" time="18.686" errors="0">
  <testcase name="dynamicWebtable" time="18.686" classname="sample.DynamicWebtable"/>
</testsuite> <!-- sample.DynamicWebtable -->
