<?xml version="1.0" encoding="UTF-8"?>
<!-- Generated by org.testng.reporters.JUnitReportReporter -->
<testsuite skipped="0" hostname="Ty-Deepak-Tr" name="sample.SampleTest" tests="1" failures="0" timestamp="13 Oct 2020 07:12:34 GMT" time="26.130" errors="0">
  <testcase name="bookTicket" time="26.130" classname="sample.SampleTest"/>
</testsuite> <!-- sample.SampleTest -->
